<?xml version="1.0" encoding="UTF-8"?>
<!-- Generated by org.testng.reporters.JUnitXMLReporter -->
<testsuite ignored="1" hostname="LAPTOP-8TJF2JEA" failures="0" tests="19" name="Test" time="0.115" errors="0" timestamp="2022-02-08T16:22:02 IST">
  <testcase classname="testng.Trial" name="sample" time="0.008"/>
  <testcase classname="testng.Trial" name="test" time="0.002"/>
  <testcase classname="testng.Trial" name="test1" time="0.001"/>
  <testcase classname="testng.Dependancy" name="test" time="0.001"/>
  <testcase classname="testng.Dependancy" name="sample" time="0.001"/>
  <testcase classname="testng.Dependancy" name="test1" time="0.001"/>
  <testcase classname="testng.Tial2" name="test" time="0.001"/>
  <testcase classname="testng.Tial2" name="test" time="0.0"/>
  <testcase classname="testng.Tial2" name="test" time="0.001"/>
  <testcase classname="testng.Tial2" name="test" time="0.001"/>
  <testcase classname="testng.Tial2" name="test" time="0.003"/>
  <testcase classname="testng.Tial2" name="sample" time="0.003"/>
  <testcase classname="testng.Tial2" name="sample" time="0.001"/>
  <testcase classname="testng.Tial2" name="test1" time="0.004"/>
  <testcase classname="testng.Tial3" name="sample" time="0.002"/>
  <testcase classname="testng.Tial3" name="test" time="0.001"/>
  <testcase classname="testng.Trial1" name="test" time="0.002"/>
  <testcase classname="testng.Trial1" name="sample" time="0.001"/>
  <testcase classname="testng.Trial1" name="test1" time="0.001"/>
  <testcase classname="testng.Tial3" name="test1" time="0.0">
    <ignored/>
  </testcase> <!-- test1 -->
</testsuite> <!-- Test -->
