<?xml version="1.0" encoding="UTF-8"?>
<testng-results ignored="0" total="1" passed="1" failed="0" skipped="0">
  <reporter-output>
  </reporter-output>
  <suite started-at="2022-02-18T23:48:39 IST" name="Default suite" finished-at="2022-02-18T23:48:47 IST" duration-ms="8326">
    <groups>
    </groups>
    <test started-at="2022-02-18T23:48:39 IST" name="Default test" finished-at="2022-02-18T23:48:47 IST" duration-ms="8326">
      <class name="testng.TestCase1">
        <test-method is-config="true" signature="open()[pri:0, instance:testng.TestCase1@34123d65]" started-at="2022-02-18T23:48:39 IST" name="open" finished-at="2022-02-18T23:48:43 IST" duration-ms="3352" status="PASS">
          <reporter-output>
          </reporter-output>
        </test-method> <!-- open -->
        <test-method signature="test()[pri:0, instance:testng.TestCase1@34123d65]" started-at="2022-02-18T23:48:43 IST" name="test" finished-at="2022-02-18T23:48:45 IST" duration-ms="2150" status="PASS">
          <reporter-output>
          </reporter-output>
        </test-method> <!-- test -->
        <test-method is-config="true" signature="close()[pri:0, instance:testng.TestCase1@34123d65]" started-at="2022-02-18T23:48:45 IST" name="close" finished-at="2022-02-18T23:48:47 IST" duration-ms="2782" status="PASS">
          <reporter-output>
          </reporter-output>
        </test-method> <!-- close -->
      </class> <!-- testng.TestCase1 -->
    </test> <!-- Default test -->
  </suite> <!-- Default suite -->
</testng-results>
